<?xml version="1.0" encoding="UTF-8"?>
<testsuite name="Login Test"
           tests="4"
           failures="0"
           errors="0"
           skipped="0"
           time="6.610">
  <properties />
  
  
            <testcase name="userShouldNavigateToLoginPageSuccessFully" time="0.629" classname="com.nopcommerce.demo.testsuite.LoginPageTest" />
                <testcase name="VerifyThatUserShouldLogOutSuccessFully" time="2.827" classname="com.nopcommerce.demo.testsuite.LoginPageTest" />
                <testcase name="verifyThatUserShouldLogInSuccessFullyWithValidCredentials" time="1.511" classname="com.nopcommerce.demo.testsuite.LoginPageTest" />
                <testcase name="verifyTheErrorMessageWithInValidCredentials" time="1.643" classname="com.nopcommerce.demo.testsuite.LoginPageTest" />
      
</testsuite>
